<?xml version="1.0" encoding="UTF-8"?>
<testng-results ignored="0" total="2" passed="2" failed="0" skipped="0">
  <reporter-output>
  </reporter-output>
  <suite started-at="2024-07-30T20:12:53 IST" name="Default suite" finished-at="2024-07-30T20:12:53 IST" duration-ms="299">
    <groups>
    </groups>
    <test started-at="2024-07-30T20:12:53 IST" name="Default test" finished-at="2024-07-30T20:12:53 IST" duration-ms="299">
      <class name="test.TestNG">
        <test-method signature="Demo()[pri:0, instance:test.TestNG@408d971b]" started-at="2024-07-30T20:12:53 IST" name="Demo" finished-at="2024-07-30T20:12:53 IST" duration-ms="20" status="PASS">
          <reporter-output>
          </reporter-output>
        </test-method> <!-- Demo -->
        <test-method signature="Test1()[pri:0, instance:test.TestNG@408d971b]" started-at="2024-07-30T20:12:53 IST" name="Test1" finished-at="2024-07-30T20:12:53 IST" duration-ms="2" status="PASS">
          <reporter-output>
          </reporter-output>
        </test-method> <!-- Test1 -->
      </class> <!-- test.TestNG -->
    </test> <!-- Default test -->
  </suite> <!-- Default suite -->
</testng-results>
