<?xml version="1.0" encoding="UTF-8"?>
<testng-results ignored="0" total="2" passed="2" failed="0" skipped="0">
  <reporter-output>
  </reporter-output>
  <suite started-at="2024-06-26T23:00:13 IST" name="Loan Department" finished-at="2024-06-26T23:00:13 IST" duration-ms="118">
    <groups>
    </groups>
    <test started-at="2024-06-26T23:00:13 IST" name="Personal Loan" finished-at="2024-06-26T23:00:13 IST" duration-ms="118">
      <class name="test.TestNG">
        <test-method signature="Demo()[pri:0, instance:test.TestNG@408d971b]" started-at="2024-06-26T23:00:13 IST" name="Demo" finished-at="2024-06-26T23:00:13 IST" duration-ms="16" status="PASS">
          <reporter-output>
          </reporter-output>
        </test-method> <!-- Demo -->
        <test-method signature="Test1()[pri:0, instance:test.TestNG@408d971b]" started-at="2024-06-26T23:00:13 IST" name="Test1" finished-at="2024-06-26T23:00:13 IST" duration-ms="6" status="PASS">
          <reporter-output>
          </reporter-output>
        </test-method> <!-- Test1 -->
      </class> <!-- test.TestNG -->
    </test> <!-- Personal Loan -->
  </suite> <!-- Loan Department -->
</testng-results>
